!SESSION 2017-12-31 08:40:15.826 -----------------------------------------------
eclipse.buildId=unknown
java.version=1.8.0_144
java.vendor=Oracle Corporation
BootLoader constants: OS=macosx, ARCH=x86_64, WS=carbon, NL=en_US
Command-line arguments:  -console -configuration runtime

!ENTRY org.eclipse.osgi 4 0 2017-12-31 08:40:16.177
!MESSAGE Application error
!STACK 1
java.lang.IllegalStateException: Unable to acquire application service. Ensure that the org.eclipse.core.runtime bundle is resolved and started (see config.ini).
	at org.eclipse.core.runtime.internal.adaptor.EclipseAppLauncher.start(EclipseAppLauncher.java:74)
	at org.eclipse.core.runtime.adaptor.EclipseStarter.run(EclipseStarter.java:368)
	at org.eclipse.core.runtime.adaptor.EclipseStarter.run(EclipseStarter.java:179)
	at org.eclipse.core.runtime.adaptor.EclipseStarter.main(EclipseStarter.java:150)

!ENTRY welcome_mailbox 4 0 2017-12-31 08:40:29.263
!MESSAGE 
!STACK 0
org.osgi.framework.BundleException: The activator org.osgi.book.reader.fixedmailbox.WelcomeMailboxActivator for bundle welcome_mailbox is invalid
	at org.eclipse.osgi.framework.internal.core.AbstractBundle.loadBundleActivator(AbstractBundle.java:157)
	at org.eclipse.osgi.framework.internal.core.BundleContextImpl.start(BundleContextImpl.java:751)
	at org.eclipse.osgi.framework.internal.core.BundleHost.startWorker(BundleHost.java:352)
	at org.eclipse.osgi.framework.internal.core.AbstractBundle.updateWorker(AbstractBundle.java:625)
	at org.eclipse.osgi.framework.internal.core.AbstractBundle.update(AbstractBundle.java:572)
	at org.eclipse.osgi.framework.internal.core.AbstractBundle.update(AbstractBundle.java:555)
	at org.eclipse.osgi.framework.internal.core.FrameworkCommandProvider._update(FrameworkCommandProvider.java:380)
	at sun.reflect.NativeMethodAccessorImpl.invoke0(Native Method)
	at sun.reflect.NativeMethodAccessorImpl.invoke(NativeMethodAccessorImpl.java:62)
	at sun.reflect.DelegatingMethodAccessorImpl.invoke(DelegatingMethodAccessorImpl.java:43)
	at java.lang.reflect.Method.invoke(Method.java:498)
	at org.eclipse.osgi.framework.internal.core.FrameworkCommandInterpreter.execute(FrameworkCommandInterpreter.java:155)
	at org.eclipse.osgi.framework.internal.core.FrameworkConsole.docommand(FrameworkConsole.java:303)
	at org.eclipse.osgi.framework.internal.core.FrameworkConsole.console(FrameworkConsole.java:288)
	at org.eclipse.osgi.framework.internal.core.FrameworkConsole.run(FrameworkConsole.java:224)
	at java.lang.Thread.run(Thread.java:748)
Caused by: java.lang.Error: Unresolved compilation problem: 
	The type java.util.Map$Entry cannot be resolved. It is indirectly referenced from required .class files

	at org.osgi.book.reader.fixedmailbox.WelcomeMailboxActivator.<init>(WelcomeMailboxActivator.java:16)
	at sun.reflect.NativeConstructorAccessorImpl.newInstance0(Native Method)
	at sun.reflect.NativeConstructorAccessorImpl.newInstance(NativeConstructorAccessorImpl.java:62)
	at sun.reflect.DelegatingConstructorAccessorImpl.newInstance(DelegatingConstructorAccessorImpl.java:45)
	at java.lang.reflect.Constructor.newInstance(Constructor.java:423)
	at java.lang.Class.newInstance(Class.java:442)
	at org.eclipse.osgi.framework.internal.core.AbstractBundle.loadBundleActivator(AbstractBundle.java:152)
	... 15 more
Root exception:
java.lang.Error: Unresolved compilation problem: 
	The type java.util.Map$Entry cannot be resolved. It is indirectly referenced from required .class files

	at org.osgi.book.reader.fixedmailbox.WelcomeMailboxActivator.<init>(WelcomeMailboxActivator.java:16)
	at sun.reflect.NativeConstructorAccessorImpl.newInstance0(Native Method)
	at sun.reflect.NativeConstructorAccessorImpl.newInstance(NativeConstructorAccessorImpl.java:62)
	at sun.reflect.DelegatingConstructorAccessorImpl.newInstance(DelegatingConstructorAccessorImpl.java:45)
	at java.lang.reflect.Constructor.newInstance(Constructor.java:423)
	at java.lang.Class.newInstance(Class.java:442)
	at org.eclipse.osgi.framework.internal.core.AbstractBundle.loadBundleActivator(AbstractBundle.java:152)
	at org.eclipse.osgi.framework.internal.core.BundleContextImpl.start(BundleContextImpl.java:751)
	at org.eclipse.osgi.framework.internal.core.BundleHost.startWorker(BundleHost.java:352)
	at org.eclipse.osgi.framework.internal.core.AbstractBundle.updateWorker(AbstractBundle.java:625)
	at org.eclipse.osgi.framework.internal.core.AbstractBundle.update(AbstractBundle.java:572)
	at org.eclipse.osgi.framework.internal.core.AbstractBundle.update(AbstractBundle.java:555)
	at org.eclipse.osgi.framework.internal.core.FrameworkCommandProvider._update(FrameworkCommandProvider.java:380)
	at sun.reflect.NativeMethodAccessorImpl.invoke0(Native Method)
	at sun.reflect.NativeMethodAccessorImpl.invoke(NativeMethodAccessorImpl.java:62)
	at sun.reflect.DelegatingMethodAccessorImpl.invoke(DelegatingMethodAccessorImpl.java:43)
	at java.lang.reflect.Method.invoke(Method.java:498)
	at org.eclipse.osgi.framework.internal.core.FrameworkCommandInterpreter.execute(FrameworkCommandInterpreter.java:155)
	at org.eclipse.osgi.framework.internal.core.FrameworkConsole.docommand(FrameworkConsole.java:303)
	at org.eclipse.osgi.framework.internal.core.FrameworkConsole.console(FrameworkConsole.java:288)
	at org.eclipse.osgi.framework.internal.core.FrameworkConsole.run(FrameworkConsole.java:224)
	at java.lang.Thread.run(Thread.java:748)
