!SESSION 2017-12-28 14:44:01.048 -----------------------------------------------
eclipse.buildId=unknown
java.version=1.8.0_144
java.vendor=Oracle Corporation
BootLoader constants: OS=macosx, ARCH=x86_64, WS=carbon, NL=en_US
Command-line arguments:  -console -configuration runtime

!ENTRY org.eclipse.osgi 4 0 2017-12-28 14:44:01.341
!MESSAGE Application error
!STACK 1
java.lang.IllegalStateException: Unable to acquire application service. Ensure that the org.eclipse.core.runtime bundle is resolved and started (see config.ini).
	at org.eclipse.core.runtime.internal.adaptor.EclipseAppLauncher.start(EclipseAppLauncher.java:74)
	at org.eclipse.core.runtime.adaptor.EclipseStarter.run(EclipseStarter.java:368)
	at org.eclipse.core.runtime.adaptor.EclipseStarter.run(EclipseStarter.java:179)
	at org.eclipse.core.runtime.adaptor.EclipseStarter.main(EclipseStarter.java:150)

!ENTRY org.eclipse.osgi 4 0 2017-12-28 14:49:16.940
!MESSAGE 
!STACK 0
java.util.zip.ZipException: error in opening zip file
	at java.util.zip.ZipFile.open(Native Method)
	at java.util.zip.ZipFile.<init>(ZipFile.java:225)
	at java.util.zip.ZipFile.<init>(ZipFile.java:155)
	at java.util.zip.ZipFile.<init>(ZipFile.java:169)
	at org.eclipse.osgi.framework.util.SecureAction.getZipFile(SecureAction.java:251)
	at org.eclipse.osgi.baseadaptor.bundlefile.ZipBundleFile.basicOpen(ZipBundleFile.java:88)
	at org.eclipse.osgi.baseadaptor.bundlefile.ZipBundleFile.getZipFile(ZipBundleFile.java:101)
	at org.eclipse.osgi.baseadaptor.bundlefile.ZipBundleFile.checkedOpen(ZipBundleFile.java:74)
	at org.eclipse.osgi.baseadaptor.bundlefile.ZipBundleFile.getEntry(ZipBundleFile.java:246)
	at org.eclipse.osgi.baseadaptor.BaseData.getEntry0(BaseData.java:111)
	at org.eclipse.osgi.baseadaptor.BaseData.getEntry(BaseData.java:102)
	at org.eclipse.osgi.internal.baseadaptor.AdaptorUtil.loadManifestFrom(AdaptorUtil.java:185)
	at org.eclipse.core.runtime.internal.adaptor.EclipseStorageHook.getGeneratedManifest0(EclipseStorageHook.java:406)
	at org.eclipse.core.runtime.internal.adaptor.EclipseStorageHook.getGeneratedManifest(EclipseStorageHook.java:393)
	at org.eclipse.core.runtime.internal.adaptor.EclipseStorageHook.createCachedManifest(EclipseStorageHook.java:388)
	at org.eclipse.core.runtime.internal.adaptor.EclipseStorageHook.getManifest(EclipseStorageHook.java:507)
	at org.eclipse.osgi.internal.baseadaptor.BaseStorage.loadManifest(BaseStorage.java:302)
	at org.eclipse.osgi.internal.baseadaptor.BundleInstall.begin(BundleInstall.java:82)
	at org.eclipse.osgi.framework.internal.core.Framework.installWorkerPrivileged(Framework.java:922)
	at org.eclipse.osgi.framework.internal.core.Framework$1.run(Framework.java:838)
	at java.security.AccessController.doPrivileged(Native Method)
	at org.eclipse.osgi.framework.internal.core.Framework.installWorker(Framework.java:889)
	at org.eclipse.osgi.framework.internal.core.Framework.installBundle(Framework.java:833)
	at org.eclipse.osgi.framework.internal.core.BundleContextImpl.installBundle(BundleContextImpl.java:167)
	at org.eclipse.osgi.framework.internal.core.BundleContextImpl.installBundle(BundleContextImpl.java:161)
	at org.eclipse.osgi.framework.internal.core.FrameworkCommandProvider._install(FrameworkCommandProvider.java:306)
	at sun.reflect.NativeMethodAccessorImpl.invoke0(Native Method)
	at sun.reflect.NativeMethodAccessorImpl.invoke(NativeMethodAccessorImpl.java:62)
	at sun.reflect.DelegatingMethodAccessorImpl.invoke(DelegatingMethodAccessorImpl.java:43)
	at java.lang.reflect.Method.invoke(Method.java:498)
	at org.eclipse.osgi.framework.internal.core.FrameworkCommandInterpreter.execute(FrameworkCommandInterpreter.java:155)
	at org.eclipse.osgi.framework.internal.core.FrameworkConsole.docommand(FrameworkConsole.java:303)
	at org.eclipse.osgi.framework.internal.core.FrameworkConsole.console(FrameworkConsole.java:288)
	at org.eclipse.osgi.framework.internal.core.FrameworkConsole.run(FrameworkConsole.java:224)
	at java.lang.Thread.run(Thread.java:748)
